<?xml version="1.0" encoding="UTF-8"?>
<!-- Generated by org.testng.reporters.JUnitXMLReporter -->
<testsuite hostname="NZWGTNLP54" ignored="0" name="Test" tests="3" failures="0" timestamp="2020-02-25T13:51:47 NZDT" time="44.724" errors="0">
  <testcase name="VerifyTitle" time="0.108" classname="end2endframework.VerifyHeading"/>
  <testcase name="openhomepage" time="14.839" classname="end2endframework.HomePageTest"/>
  <testcase name="openhomepage" time="9.791" classname="end2endframework.HomePageTest"/>
</testsuite> <!-- Test -->
